[debug] [2025-04-29T21:42:25.822Z] ----------------------------------------------------------------------
[debug] [2025-04-29T21:42:25.825Z] Command:       /usr/local/bin/node /usr/local/bin/firebase init hosting
[debug] [2025-04-29T21:42:25.826Z] CLI Version:   14.2.1
[debug] [2025-04-29T21:42:25.826Z] Platform:      darwin
[debug] [2025-04-29T21:42:25.826Z] Node Version:  v22.12.0
[debug] [2025-04-29T21:42:25.827Z] Time:          Tue Apr 29 2025 14:42:25 GMT-0700 (Pacific Daylight Time)
[debug] [2025-04-29T21:42:25.827Z] ----------------------------------------------------------------------
[debug] 
[debug] [2025-04-29T21:42:25.829Z] >>> [apiv2][query] GET https://firebase-public.firebaseio.com/cli.json [none]
[debug] [2025-04-29T21:42:26.057Z] > command requires scopes: ["email","openid","https://www.googleapis.com/auth/cloudplatformprojects.readonly","https://www.googleapis.com/auth/firebase","https://www.googleapis.com/auth/cloud-platform"]
[debug] [2025-04-29T21:42:26.057Z] > authorizing via signed-in user (unnamed.dev2@gmail.com)
[info] 
     ######## #### ########  ######## ########     ###     ######  ########
     ##        ##  ##     ## ##       ##     ##  ##   ##  ##       ##
     ######    ##  ########  ######   ########  #########  ######  ######
     ##        ##  ##    ##  ##       ##     ## ##     ##       ## ##
     ##       #### ##     ## ######## ########  ##     ##  ######  ########

You're about to initialize a Firebase project in this directory:

  /Users/calvindobson/Desktop/unnamed

Before we get started, keep in mind:

  * You are initializing within an existing Firebase project directory

[info] 
=== Project Setup
[info] 
[info] First, let's associate this project directory with a Firebase project.
[info] You can create multiple project aliases by running firebase use --add, 
[info] but for now we'll just set up a default project.
[info] 
[debug] [2025-04-29T21:42:26.063Z] Using project from CLI flag: your-firebase-project-id
[debug] [2025-04-29T21:42:26.064Z] Checked if tokens are valid: false, expires at: 1745826680701
[debug] [2025-04-29T21:42:26.067Z] Checked if tokens are valid: false, expires at: 1745826680701
[debug] [2025-04-29T21:42:26.067Z] > refreshing access token with scopes: []
[debug] [2025-04-29T21:42:26.068Z] >>> [apiv2][query] POST https://www.googleapis.com/oauth2/v3/token [none]
[debug] [2025-04-29T21:42:26.068Z] >>> [apiv2][body] POST https://www.googleapis.com/oauth2/v3/token [omitted]
[debug] [2025-04-29T21:42:26.282Z] <<< [apiv2][status] POST https://www.googleapis.com/oauth2/v3/token 200
[debug] [2025-04-29T21:42:26.283Z] <<< [apiv2][body] POST https://www.googleapis.com/oauth2/v3/token [omitted]
[debug] [2025-04-29T21:42:26.296Z] >>> [apiv2][query] GET https://firebase.googleapis.com/v1beta1/projects/your-firebase-project-id [none]
[debug] [2025-04-29T21:42:26.301Z] <<< [apiv2][status] GET https://firebase-public.firebaseio.com/cli.json 200
[debug] [2025-04-29T21:42:26.301Z] <<< [apiv2][body] GET https://firebase-public.firebaseio.com/cli.json {"cloudBuildErrorAfter":1594252800000,"cloudBuildWarnAfter":1590019200000,"defaultNode10After":1594252800000,"minVersion":"3.0.5","node8DeploysDisabledAfter":1613390400000,"node8RuntimeDisabledAfter":1615809600000,"node8WarnAfter":1600128000000}
[debug] [2025-04-29T21:42:26.534Z] <<< [apiv2][status] GET https://firebase.googleapis.com/v1beta1/projects/your-firebase-project-id 403
[debug] [2025-04-29T21:42:26.534Z] <<< [apiv2][body] GET https://firebase.googleapis.com/v1beta1/projects/your-firebase-project-id {"error":{"code":403,"message":"The caller does not have permission","status":"PERMISSION_DENIED"}}
[debug] [2025-04-29T21:42:26.534Z] Request to https://firebase.googleapis.com/v1beta1/projects/your-firebase-project-id had HTTP Error: 403, The caller does not have permission
[debug] [2025-04-29T21:42:26.603Z] FirebaseError: Request to https://firebase.googleapis.com/v1beta1/projects/your-firebase-project-id had HTTP Error: 403, The caller does not have permission
    at responseToError (/usr/local/lib/node_modules/firebase-tools/lib/responseToError.js:52:12)
    at RetryOperation._fn (/usr/local/lib/node_modules/firebase-tools/lib/apiv2.js:312:77)
    at process.processTicksAndRejections (node:internal/process/task_queues:105:5)
[error] 
[error] Error: Failed to get Firebase project your-firebase-project-id. Please make sure the project exists and your account has permission to access it.
